# JRE version: Java(TM) SE Runtime Environment (21.0.3+7) (build 21.0.3+7-LTS-152)
# Java VM: Java HotSpot(TM) 64-Bit Server VM (21.0.3+7-LTS-152, mixed mode, sharing, tiered, compressed oops, compressed class ptrs, g1 gc, windows-amd64)
GC Precious Log:
 CardTable entry size: 512
 Card Set container configuration: InlinePtr #cards 5 size 8 Array Of Cards #cards 12 size 40 Howl #buckets 4 coarsen threshold 1843 Howl Bitmap #cards 512 size 80 coarsen threshold 460 Card regions per heap region 1 cards per card region 2048
 CPUs: 4 total, 4 available
 Memory: 8071M
 Large Page Support: Disabled
 NUMA Support: Disabled
 Compressed Oops: Enabled (32-bit)
 Heap Region Size: 1M
 Heap Min Capacity: 8M
 Heap Initial Capacity: 128M
 Heap Max Capacity: 2018M
 Pre-touch: Disabled
 Parallel Workers: 4
 Concurrent Workers: 1
 Concurrent Refinement Workers: 4
 Periodic GC: Disabled
Heap:
 garbage-first heap   total 54272K, used 32525K [0x0000000081e00000, 0x0000000100000000)
  region size 1024K, 22 young (22528K), 3 survivors (3072K)
 Metaspace       used 21554K, committed 21952K, reserved 1114112K
  class space    used 3060K, committed 3200K, reserved 1048576K
GC Heap History (10 events):
Event: 1.376 GC heap before
{Heap before GC invocations=0 (full 0):
 garbage-first heap   total 131072K, used 12288K [0x0000000081e00000, 0x0000000100000000)
  region size 1024K, 13 young (13312K), 0 survivors (0K)
 Metaspace       used 2396K, committed 2624K, reserved 1114112K
  class space    used 248K, committed 320K, reserved 1048576K
}
Event: 1.381 GC heap after
{Heap after GC invocations=1 (full 0):
 garbage-first heap   total 131072K, used 1911K [0x0000000081e00000, 0x0000000100000000)
  region size 1024K, 2 young (2048K), 2 survivors (2048K)
 Metaspace       used 2396K, committed 2624K, reserved 1114112K
  class space    used 248K, committed 320K, reserved 1048576K
}
Event: 2.300 GC heap before
{Heap before GC invocations=1 (full 0):
 garbage-first heap   total 131072K, used 22391K [0x0000000081e00000, 0x0000000100000000)
  region size 1024K, 23 young (23552K), 2 survivors (2048K)
 Metaspace       used 8579K, committed 8832K, reserved 1114112K
  class space    used 1056K, committed 1152K, reserved 1048576K
}
Event: 2.307 GC heap after
{Heap after GC invocations=2 (full 0):
 garbage-first heap   total 131072K, used 4815K [0x0000000081e00000, 0x0000000100000000)
  region size 1024K, 3 young (3072K), 3 survivors (3072K)
 Metaspace       used 8579K, committed 8832K, reserved 1114112K
  class space    used 1056K, committed 1152K, reserved 1048576K
}
Event: 109.871 GC heap before
{Heap before GC invocations=2 (full 0):
 garbage-first heap   total 131072K, used 80591K [0x0000000081e00000, 0x0000000100000000)
  region size 1024K, 76 young (77824K), 3 survivors (3072K)
 Metaspace       used 19511K, committed 19840K, reserved 1114112K
  class space    used 2823K, committed 2944K, reserved 1048576K
}
Event: 109.934 GC heap after
{Heap after GC invocations=3 (full 0):
 garbage-first heap   total 131072K, used 12341K [0x0000000081e00000, 0x0000000100000000)
  region size 1024K, 9 young (9216K), 9 survivors (9216K)
 Metaspace       used 19511K, committed 19840K, reserved 1114112K
  class space    used 2823K, committed 2944K, reserved 1048576K
}
Event: 329.901 GC heap before
{Heap before GC invocations=3 (full 0):
 garbage-first heap   total 131072K, used 67637K [0x0000000081e00000, 0x0000000100000000)
  region size 1024K, 65 young (66560K), 9 survivors (9216K)
 Metaspace       used 21178K, committed 21504K, reserved 1114112K
  class space    used 3002K, committed 3136K, reserved 1048576K
}
Event: 329.969 GC heap after
{Heap after GC invocations=4 (full 0):
 garbage-first heap   total 131072K, used 14107K [0x0000000081e00000, 0x0000000100000000)
  region size 1024K, 3 young (3072K), 3 survivors (3072K)
 Metaspace       used 21178K, committed 21504K, reserved 1114112K
  class space    used 3002K, committed 3136K, reserved 1048576K
}
Event: 1420.938 GC heap before
{Heap before GC invocations=5 (full 0):
 garbage-first heap   total 51200K, used 50971K [0x0000000081e00000, 0x0000000100000000)
  region size 1024K, 39 young (39936K), 3 survivors (3072K)
 Metaspace       used 21458K, committed 21824K, reserved 1114112K
  class space    used 3056K, committed 3200K, reserved 1048576K
}
Event: 1420.943 GC heap after
{Heap after GC invocations=6 (full 0):
 garbage-first heap   total 54272K, used 14093K [0x0000000081e00000, 0x0000000100000000)
  region size 1024K, 3 young (3072K), 3 survivors (3072K)
 Metaspace       used 21458K, committed 21824K, reserved 1114112K
  class space    used 3056K, committed 3200K, reserved 1048576K
}

